<?xml version="1.0" encoding="UTF-8" ?>
<testsuite failures="0" time="8.998" errors="0" skipped="0" tests="4" name="com.mycompany.hotelbookingmanager.RoomDAOImplTest">
  <properties>
    <property name="java.runtime.name" value="Java(TM) SE Runtime Environment"/>
    <property name="sun.boot.library.path" value="C:\Program Files\Java\jdk1.7.0_03\jre\bin"/>
    <property name="java.vm.version" value="22.1-b02"/>
    <property name="user.country.format" value="CZ"/>
    <property name="java.vm.vendor" value="Oracle Corporation"/>
    <property name="java.vendor.url" value="http://java.oracle.com/"/>
    <property name="path.separator" value=";"/>
    <property name="guice.disable.misplaced.annotation.check" value="true"/>
    <property name="java.vm.name" value="Java HotSpot(TM) 64-Bit Server VM"/>
    <property name="file.encoding.pkg" value="sun.io"/>
    <property name="user.script" value=""/>
    <property name="user.country" value="US"/>
    <property name="sun.java.launcher" value="SUN_STANDARD"/>
    <property name="sun.os.patch.level" value=""/>
    <property name="java.vm.specification.name" value="Java Virtual Machine Specification"/>
    <property name="user.dir" value="C:\Users\Inky Ashizuki\Documents\NetBeansProjects\Hotel Booking Manager\trunk\HotelBookingManager"/>
    <property name="java.runtime.version" value="1.7.0_03-b05"/>
    <property name="java.awt.graphicsenv" value="sun.awt.Win32GraphicsEnvironment"/>
    <property name="java.endorsed.dirs" value="C:\Program Files\Java\jdk1.7.0_03\jre\lib\endorsed"/>
    <property name="os.arch" value="amd64"/>
    <property name="java.io.tmpdir" value="C:\Users\INKYAS~1\AppData\Local\Temp\"/>
    <property name="line.separator" value="
"/>
    <property name="java.vm.specification.vendor" value="Oracle Corporation"/>
    <property name="user.variant" value=""/>
    <property name="os.name" value="Windows NT (unknown)"/>
    <property name="classworlds.conf" value="C:\Users\Inky Ashizuki\AppData\Roaming\NetBeans\7.2\maven\bin\m2.conf"/>
    <property name="sun.jnu.encoding" value="Cp1250"/>
    <property name="java.library.path" value="C:\Program Files\Java\jdk1.7.0_03\bin;C:\WINDOWS\Sun\Java\bin;C:\WINDOWS\system32;C:\WINDOWS;C:\Program Files (x86)\NVIDIA Corporation\PhysX\Common;C:\Program Files (x86)\Microchip\xc16\v1.00\bin;C:\Program Files\Common Files\Microsoft Shared\Windows Live;C:\Program Files (x86)\Common Files\Microsoft Shared\Windows Live;C:\WINDOWS\system32;C:\WINDOWS;C:\WINDOWS\System32\Wbem;C:\WINDOWS\System32\WindowsPowerShell\v1.0\;C:\Program Files (x86)\Windows Live\Shared;C:\Program Files (x86)\Intel\OpenCL SDK\2.0\bin\x86;C:\Program Files (x86)\Intel\OpenCL SDK\2.0\bin\x64;C:\Program Files\TortoiseSVN\bin;C:\Program Files (x86)\Microchip\xc16\v1.00\bin;."/>
    <property name="java.specification.name" value="Java Platform API Specification"/>
    <property name="java.class.version" value="51.0"/>
    <property name="sun.management.compiler" value="HotSpot 64-Bit Tiered Compilers"/>
    <property name="os.version" value="6.2"/>
    <property name="user.home" value="C:\Users\Inky Ashizuki"/>
    <property name="user.timezone" value="Europe/Prague"/>
    <property name="java.awt.printerjob" value="sun.awt.windows.WPrinterJob"/>
    <property name="java.specification.version" value="1.7"/>
    <property name="file.encoding" value="Cp1250"/>
    <property name="user.name" value="Inky Ashizuki"/>
    <property name="java.class.path" value="C:\Users\Inky Ashizuki\AppData\Roaming\NetBeans\7.2\maven\boot\plexus-classworlds-2.4.jar"/>
    <property name="java.vm.specification.version" value="1.7"/>
    <property name="sun.arch.data.model" value="64"/>
    <property name="java.home" value="C:\Program Files\Java\jdk1.7.0_03\jre"/>
    <property name="sun.java.command" value="org.codehaus.plexus.classworlds.launcher.Launcher clean install"/>
    <property name="java.specification.vendor" value="Oracle Corporation"/>
    <property name="user.language" value="en"/>
    <property name="user.language.format" value="cs"/>
    <property name="awt.toolkit" value="sun.awt.windows.WToolkit"/>
    <property name="java.vm.info" value="mixed mode"/>
    <property name="java.version" value="1.7.0_03"/>
    <property name="java.ext.dirs" value="C:\Program Files\Java\jdk1.7.0_03\jre\lib\ext;C:\WINDOWS\Sun\Java\lib\ext"/>
    <property name="sun.boot.class.path" value="C:\Program Files\Java\jdk1.7.0_03\jre\lib\resources.jar;C:\Program Files\Java\jdk1.7.0_03\jre\lib\rt.jar;C:\Program Files\Java\jdk1.7.0_03\jre\lib\sunrsasign.jar;C:\Program Files\Java\jdk1.7.0_03\jre\lib\jsse.jar;C:\Program Files\Java\jdk1.7.0_03\jre\lib\jce.jar;C:\Program Files\Java\jdk1.7.0_03\jre\lib\charsets.jar;C:\Program Files\Java\jdk1.7.0_03\jre\classes"/>
    <property name="java.vendor" value="Oracle Corporation"/>
    <property name="maven.home" value="C:\Users\Inky Ashizuki\AppData\Roaming\NetBeans\7.2\maven"/>
    <property name="file.separator" value="\"/>
    <property name="java.vendor.url.bug" value="http://bugreport.sun.com/bugreport/"/>
    <property name="sun.cpu.endian" value="little"/>
    <property name="sun.io.unicode.encoding" value="UnicodeLittle"/>
    <property name="sun.desktop" value="windows"/>
    <property name="sun.cpu.isalist" value="amd64"/>
  </properties>
  <testcase time="4.144" classname="com.mycompany.hotelbookingmanager.RoomDAOImplTest" name="testDeleteRoom"/>
  <testcase time="2.062" classname="com.mycompany.hotelbookingmanager.RoomDAOImplTest" name="testUpdateRoom"/>
  <testcase time="1.111" classname="com.mycompany.hotelbookingmanager.RoomDAOImplTest" name="testCreateAndGetRoom"/>
  <testcase time="1.664" classname="com.mycompany.hotelbookingmanager.RoomDAOImplTest" name="testFindAllVacantRooms"/>
</testsuite>